<?xml version="1.0" encoding="UTF-8"?>
<testng-results skipped="0" failed="0" ignored="0" total="1" passed="1">
  <reporter-output>
  </reporter-output>
  <suite name="Default suite" duration-ms="127568" started-at="2020-07-27T17:10:47 IST" finished-at="2020-07-27T17:12:55 IST">
    <groups>
      <group name="cucumber">
        <method signature="AbstractTestNGCucumberTests.runScenario(io.cucumber.testng.PickleWrapper, io.cucumber.testng.FeatureWrapper)[pri:0, instance:testRunner.Runner@e320068]" name="runScenario" class="io.cucumber.testng.AbstractTestNGCucumberTests"/>
      </group> <!-- cucumber -->
    </groups>
    <test name="Default test" duration-ms="127568" started-at="2020-07-27T17:10:47 IST" finished-at="2020-07-27T17:12:55 IST">
      <class name="testRunner.Runner">
        <test-method status="PASS" signature="setUpClass()[pri:0, instance:testRunner.Runner@e320068]" name="setUpClass" is-config="true" duration-ms="448" started-at="2020-07-27T17:10:47 IST" finished-at="2020-07-27T17:10:48 IST">
          <reporter-output>
          </reporter-output>
        </test-method> <!-- setUpClass -->
        <test-method status="PASS" signature="runScenario(io.cucumber.testng.PickleWrapper, io.cucumber.testng.FeatureWrapper)[pri:0, instance:testRunner.Runner@e320068]" name="runScenario" duration-ms="127063" started-at="2020-07-27T17:10:48 IST" description="Runs Cucumber Scenarios" data-provider="scenarios" finished-at="2020-07-27T17:12:55 IST">
          <params>
            <param index="0">
              <value>
                <![CDATA["Check the total number of entries in table"]]>
              </value>
            </param>
            <param index="1">
              <value>
                <![CDATA["Optional[Check if all the entries have been added]"]]>
              </value>
            </param>
          </params>
          <reporter-output>
          </reporter-output>
        </test-method> <!-- runScenario -->
        <test-method status="PASS" signature="tearDownClass()[pri:0, instance:testRunner.Runner@e320068]" name="tearDownClass" is-config="true" duration-ms="5" started-at="2020-07-27T17:12:55 IST" finished-at="2020-07-27T17:12:55 IST">
          <reporter-output>
          </reporter-output>
        </test-method> <!-- tearDownClass -->
      </class> <!-- testRunner.Runner -->
    </test> <!-- Default test -->
  </suite> <!-- Default suite -->
</testng-results>
